a@a:~/桌面/Lab5$ make grade
In file included from kern/process/proc.c:5:
kern/process/proc.c: In function 'do_execve':
kern/mm/pmm.h:91:17: warning: 'page' may be used uninitialized in this function [-Wmaybe-uninitialized]
   91 |     return page - pages + nbase;
      |                 ^
kern/process/proc.c:655:18: note: 'page' was declared here
  655 |     struct Page *page;
      |                  ^~~~
user/testbss.c: In function 'main':
user/testbss.c:29:13: warning: array subscript 1049600 is above array bounds of 'uint32_t[1048576]' {aka 'unsigned int[1048576]'} [-Warray-bounds]
   29 |     bigarray[ARRAYSIZE + 1024] = 0;
      |     ~~~~~~~~^~~~~~~~~~~~~~~~~~
user/testbss.c:6:10: note: while referencing 'bigarray'
    6 | uint32_t bigarray[ARRAYSIZE];
      |          ^~~~~~~~
gmake[1]: 进入目录“/home/a/桌面/Lab5” + cc kern/init/entry.S + cc kern/init/init.c + cc kern/libs/readline.c + cc kern/libs/stdio.c + cc kern/debug/kdebug.c + cc kern/debug/kmonitor.c + cc kern/debug/panic.c + cc kern/driver/clock.c + cc kern/driver/console.c + cc kern/driver/dtb.c + cc kern/driver/intr.c + cc kern/driver/picirq.c + cc kern/trap/trap.c + cc kern/trap/trapentry.S + cc kern/mm/default_pmm.c + cc kern/mm/kmalloc.c + cc kern/mm/pmm.c + cc kern/mm/vmm.c + cc kern/process/entry.S + cc kern/process/proc.c + cc kern/process/switch.S + cc kern/schedule/sched.c + cc kern/syscall/syscall.c + cc libs/hash.c + cc libs/printfmt.c + cc libs/rand.c + cc libs/string.c + cc user/badarg.c + cc user/libs/initcode.S + cc user/libs/panic.c + cc user/libs/stdio.c + cc user/libs/syscall.c + cc user/libs/ulib.c + cc user/libs/umain.c + cc user/badsegment.c + cc user/divzero.c + cc user/exit.c + cc user/faultread.c + cc user/faultreadkernel.c + cc user/forktest.c + cc user/forktree.c + cc user/hello.c + cc user/pgdir.c + cc user/softint.c + cc user/spin.c + cc user/testbss.c + cc user/waitkill.c + cc user/yield.c + ld bin/kernel riscv64-unknown-elf-objcopy bin/kernel --strip-all -O binary bin/ucore.img gmake[1]: 离开目录“/home/a/桌面/Lab5”
badsegment:              (1.0s)
  -check result:                             OK
  -check output:                             OK
divzero:                 (1.0s)
  -check result:                             OK
  -check output:                             OK
softint:                 (1.0s)
  -check result:                             OK
  -check output:                             OK
faultread:               (152.2s)
  -check result:                             OK
  -check output:                             OK
faultreadkernel:         (152.4s)
  -check result:                             OK
  -check output:                             OK
hello:                   (1.0s)
  -check result:                             OK
  -check output:                             OK
testbss:                 (152.5s)
  -check result:                             OK
  -check output:                             OK
pgdir:                   (1.0s)
  -check result:                             OK
  -check output:                             OK
yield:                   (1.0s)
  -check result:                             OK
  -check output:                             OK
badarg:                  (1.0s)
  -check result:                             OK
  -check output:                             OK
exit:                    (1.0s)
  -check result:                             OK
  -check output:                             OK
spin:                    (4.1s)
  -check result:                             OK
  -check output:                             OK
forktest:                (1.0s)
  -check result:                             OK
  -check output:                             OK
Total Score: 130/130
